Started GET "/api/cities/10" for 127.0.0.1 at 2018-07-19 14:10:22 -0400
  [1m[35m (0.5ms)[0m  [1m[34mSELECT "schema_migrations"."version" FROM "schema_migrations" ORDER BY "schema_migrations"."version" ASC[0m
  ↳ /Users/benjaminmccombs/.rbenv/versions/2.5.1/lib/ruby/gems/2.5.0/gems/activerecord-5.2.0/lib/active_record/log_subscriber.rb:98
Processing by Api::CitiesController#show as HTML
  Parameters: {"id"=>"10"}
  [1m[36mCity Load (0.5ms)[0m  [1m[34mSELECT  "cities".* FROM "cities" WHERE "cities"."id" = $1 LIMIT $2[0m  [["id", 10], ["LIMIT", 1]]
  ↳ app/controllers/api/cities_controller.rb:8
Completed 200 OK in 21ms (Views: 0.8ms | ActiveRecord: 4.8ms)


Started GET "/api/cities/10/posts" for 127.0.0.1 at 2018-07-19 14:10:22 -0400
Processing by Api::PostsController#index as HTML
  Parameters: {"city_id"=>"10"}
  [1m[36mCity Load (0.7ms)[0m  [1m[34mSELECT  "cities".* FROM "cities" WHERE "cities"."id" = $1 LIMIT $2[0m  [["id", 10], ["LIMIT", 1]]
  ↳ app/controllers/api/posts_controller.rb:3
  [1m[36mPost Load (0.4ms)[0m  [1m[34mSELECT "posts".* FROM "posts" WHERE "posts"."city_id" = $1[0m  [["city_id", 10]]
  ↳ app/controllers/api/posts_controller.rb:4
Completed 200 OK in 32ms (Views: 12.9ms | ActiveRecord: 7.3ms)


Started GET "/api/cities/undefined" for 127.0.0.1 at 2018-07-19 14:10:33 -0400
Processing by Api::CitiesController#show as HTML
  Parameters: {"id"=>"undefined"}
  [1m[36mCity Load (0.3ms)[0m  [1m[34mSELECT  "cities".* FROM "cities" WHERE "cities"."id" = $1 LIMIT $2[0m  [["id", 0], ["LIMIT", 1]]
  ↳ app/controllers/api/cities_controller.rb:8
Completed 404 Not Found in 2ms (ActiveRecord: 0.3ms)


  
ActiveRecord::RecordNotFound (Couldn't find City with 'id'=undefined):
  
app/controllers/api/cities_controller.rb:8:in `show'
Started GET "/api/cities/undefined" for 127.0.0.1 at 2018-07-19 14:11:39 -0400
Processing by Api::CitiesController#show as HTML
  Parameters: {"id"=>"undefined"}
  [1m[36mCity Load (6.4ms)[0m  [1m[34mSELECT  "cities".* FROM "cities" WHERE "cities"."id" = $1 LIMIT $2[0m  [["id", 0], ["LIMIT", 1]]
  ↳ app/controllers/api/cities_controller.rb:8
Completed 404 Not Found in 8ms (ActiveRecord: 6.4ms)


  
ActiveRecord::RecordNotFound (Couldn't find City with 'id'=undefined):
  
app/controllers/api/cities_controller.rb:8:in `show'
Started GET "/api/cities/10" for 127.0.0.1 at 2018-07-19 14:12:02 -0400
Processing by Api::CitiesController#show as HTML
  Parameters: {"id"=>"10"}
  [1m[36mCity Load (2.1ms)[0m  [1m[34mSELECT  "cities".* FROM "cities" WHERE "cities"."id" = $1 LIMIT $2[0m  [["id", 10], ["LIMIT", 1]]
  ↳ app/controllers/api/cities_controller.rb:8
Completed 200 OK in 5ms (Views: 0.8ms | ActiveRecord: 2.1ms)


Started GET "/api/cities/10/posts" for 127.0.0.1 at 2018-07-19 14:12:02 -0400
Processing by Api::PostsController#index as HTML
  Parameters: {"city_id"=>"10"}
  [1m[36mCity Load (0.3ms)[0m  [1m[34mSELECT  "cities".* FROM "cities" WHERE "cities"."id" = $1 LIMIT $2[0m  [["id", 10], ["LIMIT", 1]]
  ↳ app/controllers/api/posts_controller.rb:3
  [1m[36mPost Load (0.4ms)[0m  [1m[34mSELECT "posts".* FROM "posts" WHERE "posts"."city_id" = $1[0m  [["city_id", 10]]
  ↳ app/controllers/api/posts_controller.rb:4
Completed 200 OK in 3ms (Views: 1.6ms | ActiveRecord: 0.8ms)


Started GET "/api/cities/10" for 127.0.0.1 at 2018-07-19 14:12:15 -0400
Processing by Api::CitiesController#show as HTML
  Parameters: {"id"=>"10"}
  [1m[36mCity Load (49.3ms)[0m  [1m[34mSELECT  "cities".* FROM "cities" WHERE "cities"."id" = $1 LIMIT $2[0m  [["id", 10], ["LIMIT", 1]]
  ↳ app/controllers/api/cities_controller.rb:8
Completed 200 OK in 51ms (Views: 0.5ms | ActiveRecord: 49.3ms)


Started GET "/api/cities/10/posts" for 127.0.0.1 at 2018-07-19 14:12:15 -0400
Processing by Api::PostsController#index as HTML
  Parameters: {"city_id"=>"10"}
  [1m[36mCity Load (0.3ms)[0m  [1m[34mSELECT  "cities".* FROM "cities" WHERE "cities"."id" = $1 LIMIT $2[0m  [["id", 10], ["LIMIT", 1]]
  ↳ app/controllers/api/posts_controller.rb:3
  [1m[36mPost Load (0.3ms)[0m  [1m[34mSELECT "posts".* FROM "posts" WHERE "posts"."city_id" = $1[0m  [["city_id", 10]]
  ↳ app/controllers/api/posts_controller.rb:4
Completed 200 OK in 3ms (Views: 1.6ms | ActiveRecord: 0.6ms)


Started GET "/api/cities/10" for 127.0.0.1 at 2018-07-19 14:13:22 -0400
Processing by Api::CitiesController#show as HTML
  Parameters: {"id"=>"10"}
  [1m[36mCity Load (1.3ms)[0m  [1m[34mSELECT  "cities".* FROM "cities" WHERE "cities"."id" = $1 LIMIT $2[0m  [["id", 10], ["LIMIT", 1]]
  ↳ app/controllers/api/cities_controller.rb:8
Completed 200 OK in 3ms (Views: 0.4ms | ActiveRecord: 1.3ms)


Started GET "/api/cities/10/posts" for 127.0.0.1 at 2018-07-19 14:13:22 -0400
Processing by Api::PostsController#index as HTML
  Parameters: {"city_id"=>"10"}
  [1m[36mCity Load (0.2ms)[0m  [1m[34mSELECT  "cities".* FROM "cities" WHERE "cities"."id" = $1 LIMIT $2[0m  [["id", 10], ["LIMIT", 1]]
  ↳ app/controllers/api/posts_controller.rb:3
  [1m[36mPost Load (0.2ms)[0m  [1m[34mSELECT "posts".* FROM "posts" WHERE "posts"."city_id" = $1[0m  [["city_id", 10]]
  ↳ app/controllers/api/posts_controller.rb:4
Completed 200 OK in 3ms (Views: 1.3ms | ActiveRecord: 0.4ms)


Started GET "/api/cities/10" for 127.0.0.1 at 2018-07-19 14:13:26 -0400
Processing by Api::CitiesController#show as HTML
  Parameters: {"id"=>"10"}
  [1m[36mCity Load (0.3ms)[0m  [1m[34mSELECT  "cities".* FROM "cities" WHERE "cities"."id" = $1 LIMIT $2[0m  [["id", 10], ["LIMIT", 1]]
  ↳ app/controllers/api/cities_controller.rb:8
Completed 200 OK in 2ms (Views: 0.3ms | ActiveRecord: 0.3ms)


Started GET "/api/cities/10/posts" for 127.0.0.1 at 2018-07-19 14:13:26 -0400
Processing by Api::PostsController#index as HTML
  Parameters: {"city_id"=>"10"}
  [1m[36mCity Load (0.2ms)[0m  [1m[34mSELECT  "cities".* FROM "cities" WHERE "cities"."id" = $1 LIMIT $2[0m  [["id", 10], ["LIMIT", 1]]
  ↳ app/controllers/api/posts_controller.rb:3
  [1m[36mPost Load (0.7ms)[0m  [1m[34mSELECT "posts".* FROM "posts" WHERE "posts"."city_id" = $1[0m  [["city_id", 10]]
  ↳ app/controllers/api/posts_controller.rb:4
Completed 200 OK in 4ms (Views: 1.9ms | ActiveRecord: 0.8ms)


Started GET "/api/cities/10/posts/28" for 127.0.0.1 at 2018-07-19 14:13:59 -0400
Processing by Api::PostsController#show as HTML
  Parameters: {"city_id"=>"10", "id"=>"28"}
  [1m[36mPost Load (0.3ms)[0m  [1m[34mSELECT  "posts".* FROM "posts" WHERE "posts"."id" = $1 LIMIT $2[0m  [["id", 28], ["LIMIT", 1]]
  ↳ app/controllers/api/posts_controller.rb:8
Completed 200 OK in 2ms (Views: 0.4ms | ActiveRecord: 0.3ms)


Started GET "/api/cities/10/posts/28" for 127.0.0.1 at 2018-07-19 14:14:26 -0400
Processing by Api::PostsController#show as HTML
  Parameters: {"city_id"=>"10", "id"=>"28"}
  [1m[36mPost Load (2.0ms)[0m  [1m[34mSELECT  "posts".* FROM "posts" WHERE "posts"."id" = $1 LIMIT $2[0m  [["id", 28], ["LIMIT", 1]]
  ↳ app/controllers/api/posts_controller.rb:8
Completed 200 OK in 3ms (Views: 0.4ms | ActiveRecord: 2.0ms)


Started GET "/api/cities/10" for 127.0.0.1 at 2018-07-19 14:14:29 -0400
Processing by Api::CitiesController#show as HTML
  Parameters: {"id"=>"10"}
  [1m[36mCity Load (0.6ms)[0m  [1m[34mSELECT  "cities".* FROM "cities" WHERE "cities"."id" = $1 LIMIT $2[0m  [["id", 10], ["LIMIT", 1]]
  ↳ app/controllers/api/cities_controller.rb:8
Completed 200 OK in 2ms (Views: 0.3ms | ActiveRecord: 0.6ms)


Started GET "/api/cities/10/posts" for 127.0.0.1 at 2018-07-19 14:14:29 -0400
Processing by Api::PostsController#index as HTML
  Parameters: {"city_id"=>"10"}
  [1m[36mCity Load (0.2ms)[0m  [1m[34mSELECT  "cities".* FROM "cities" WHERE "cities"."id" = $1 LIMIT $2[0m  [["id", 10], ["LIMIT", 1]]
  ↳ app/controllers/api/posts_controller.rb:3
  [1m[36mPost Load (0.2ms)[0m  [1m[34mSELECT "posts".* FROM "posts" WHERE "posts"."city_id" = $1[0m  [["city_id", 10]]
  ↳ app/controllers/api/posts_controller.rb:4
Completed 200 OK in 2ms (Views: 1.2ms | ActiveRecord: 0.4ms)


Started GET "/api/cities/10" for 127.0.0.1 at 2018-07-19 14:14:41 -0400
Processing by Api::CitiesController#show as HTML
  Parameters: {"id"=>"10"}
  [1m[36mCity Load (0.7ms)[0m  [1m[34mSELECT  "cities".* FROM "cities" WHERE "cities"."id" = $1 LIMIT $2[0m  [["id", 10], ["LIMIT", 1]]
  ↳ app/controllers/api/cities_controller.rb:8
Completed 200 OK in 3ms (Views: 0.5ms | ActiveRecord: 0.7ms)


Started GET "/api/cities/10/posts" for 127.0.0.1 at 2018-07-19 14:14:41 -0400
Processing by Api::PostsController#index as HTML
  Parameters: {"city_id"=>"10"}
  [1m[36mCity Load (17.7ms)[0m  [1m[34mSELECT  "cities".* FROM "cities" WHERE "cities"."id" = $1 LIMIT $2[0m  [["id", 10], ["LIMIT", 1]]
  ↳ app/controllers/api/posts_controller.rb:3
  [1m[36mPost Load (1.4ms)[0m  [1m[34mSELECT "posts".* FROM "posts" WHERE "posts"."city_id" = $1[0m  [["city_id", 10]]
  ↳ app/controllers/api/posts_controller.rb:4
Completed 200 OK in 22ms (Views: 1.8ms | ActiveRecord: 19.1ms)


Started GET "/api/cities/10/posts/28" for 127.0.0.1 at 2018-07-19 14:14:44 -0400
Processing by Api::PostsController#show as HTML
  Parameters: {"city_id"=>"10", "id"=>"28"}
  [1m[36mPost Load (0.3ms)[0m  [1m[34mSELECT  "posts".* FROM "posts" WHERE "posts"."id" = $1 LIMIT $2[0m  [["id", 28], ["LIMIT", 1]]
  ↳ app/controllers/api/posts_controller.rb:8
Completed 200 OK in 2ms (Views: 0.3ms | ActiveRecord: 0.3ms)


Started GET "/api/cities/10" for 127.0.0.1 at 2018-07-19 14:14:45 -0400
Processing by Api::CitiesController#show as HTML
  Parameters: {"id"=>"10"}
  [1m[36mCity Load (0.2ms)[0m  [1m[34mSELECT  "cities".* FROM "cities" WHERE "cities"."id" = $1 LIMIT $2[0m  [["id", 10], ["LIMIT", 1]]
  ↳ app/controllers/api/cities_controller.rb:8
Completed 200 OK in 2ms (Views: 0.4ms | ActiveRecord: 0.2ms)


Started GET "/api/cities/10/posts" for 127.0.0.1 at 2018-07-19 14:14:45 -0400
Processing by Api::PostsController#index as HTML
  Parameters: {"city_id"=>"10"}
  [1m[36mCity Load (0.2ms)[0m  [1m[34mSELECT  "cities".* FROM "cities" WHERE "cities"."id" = $1 LIMIT $2[0m  [["id", 10], ["LIMIT", 1]]
  ↳ app/controllers/api/posts_controller.rb:3
  [1m[36mPost Load (0.2ms)[0m  [1m[34mSELECT "posts".* FROM "posts" WHERE "posts"."city_id" = $1[0m  [["city_id", 10]]
  ↳ app/controllers/api/posts_controller.rb:4
Completed 200 OK in 3ms (Views: 1.8ms | ActiveRecord: 0.4ms)


Started GET "/api/cities/10" for 127.0.0.1 at 2018-07-19 14:15:10 -0400
Processing by Api::CitiesController#show as HTML
  Parameters: {"id"=>"10"}
  [1m[36mCity Load (0.3ms)[0m  [1m[34mSELECT  "cities".* FROM "cities" WHERE "cities"."id" = $1 LIMIT $2[0m  [["id", 10], ["LIMIT", 1]]
  ↳ app/controllers/api/cities_controller.rb:8
Completed 200 OK in 1ms (Views: 0.3ms | ActiveRecord: 0.3ms)


Started GET "/api/cities/10/posts" for 127.0.0.1 at 2018-07-19 14:15:10 -0400
Processing by Api::PostsController#index as HTML
  Parameters: {"city_id"=>"10"}
  [1m[36mCity Load (0.2ms)[0m  [1m[34mSELECT  "cities".* FROM "cities" WHERE "cities"."id" = $1 LIMIT $2[0m  [["id", 10], ["LIMIT", 1]]
  ↳ app/controllers/api/posts_controller.rb:3
  [1m[36mPost Load (0.2ms)[0m  [1m[34mSELECT "posts".* FROM "posts" WHERE "posts"."city_id" = $1[0m  [["city_id", 10]]
  ↳ app/controllers/api/posts_controller.rb:4
Completed 200 OK in 3ms (Views: 2.0ms | ActiveRecord: 0.3ms)


Started GET "/api/cities/10" for 127.0.0.1 at 2018-07-19 14:15:12 -0400
Processing by Api::CitiesController#show as HTML
  Parameters: {"id"=>"10"}
  [1m[36mCity Load (0.2ms)[0m  [1m[34mSELECT  "cities".* FROM "cities" WHERE "cities"."id" = $1 LIMIT $2[0m  [["id", 10], ["LIMIT", 1]]
  ↳ app/controllers/api/cities_controller.rb:8
Completed 200 OK in 1ms (Views: 0.3ms | ActiveRecord: 0.2ms)


Started GET "/api/cities/10/posts" for 127.0.0.1 at 2018-07-19 14:15:13 -0400
Processing by Api::PostsController#index as HTML
  Parameters: {"city_id"=>"10"}
  [1m[36mCity Load (40.6ms)[0m  [1m[34mSELECT  "cities".* FROM "cities" WHERE "cities"."id" = $1 LIMIT $2[0m  [["id", 10], ["LIMIT", 1]]
  ↳ app/controllers/api/posts_controller.rb:3
  [1m[36mPost Load (1.5ms)[0m  [1m[34mSELECT "posts".* FROM "posts" WHERE "posts"."city_id" = $1[0m  [["city_id", 10]]
  ↳ app/controllers/api/posts_controller.rb:4
Completed 200 OK in 45ms (Views: 1.8ms | ActiveRecord: 42.1ms)


Started GET "/api/cities/10" for 127.0.0.1 at 2018-07-19 14:15:20 -0400
Processing by Api::CitiesController#show as HTML
  Parameters: {"id"=>"10"}
  [1m[36mCity Load (0.5ms)[0m  [1m[34mSELECT  "cities".* FROM "cities" WHERE "cities"."id" = $1 LIMIT $2[0m  [["id", 10], ["LIMIT", 1]]
  ↳ app/controllers/api/cities_controller.rb:8
Completed 200 OK in 2ms (Views: 0.3ms | ActiveRecord: 0.5ms)


Started GET "/api/cities/10/posts" for 127.0.0.1 at 2018-07-19 14:15:20 -0400
Processing by Api::PostsController#index as HTML
  Parameters: {"city_id"=>"10"}
  [1m[36mCity Load (0.2ms)[0m  [1m[34mSELECT  "cities".* FROM "cities" WHERE "cities"."id" = $1 LIMIT $2[0m  [["id", 10], ["LIMIT", 1]]
  ↳ app/controllers/api/posts_controller.rb:3
  [1m[36mPost Load (0.3ms)[0m  [1m[34mSELECT "posts".* FROM "posts" WHERE "posts"."city_id" = $1[0m  [["city_id", 10]]
  ↳ app/controllers/api/posts_controller.rb:4
Completed 200 OK in 3ms (Views: 1.7ms | ActiveRecord: 0.5ms)


Started GET "/api/cities/10" for 127.0.0.1 at 2018-07-19 14:15:28 -0400
Processing by Api::CitiesController#show as HTML
  Parameters: {"id"=>"10"}
  [1m[36mCity Load (0.2ms)[0m  [1m[34mSELECT  "cities".* FROM "cities" WHERE "cities"."id" = $1 LIMIT $2[0m  [["id", 10], ["LIMIT", 1]]
  ↳ app/controllers/api/cities_controller.rb:8
Completed 200 OK in 1ms (Views: 0.4ms | ActiveRecord: 0.2ms)


Started GET "/api/cities/10/posts" for 127.0.0.1 at 2018-07-19 14:15:28 -0400
Processing by Api::PostsController#index as HTML
  Parameters: {"city_id"=>"10"}
  [1m[36mCity Load (0.6ms)[0m  [1m[34mSELECT  "cities".* FROM "cities" WHERE "cities"."id" = $1 LIMIT $2[0m  [["id", 10], ["LIMIT", 1]]
  ↳ app/controllers/api/posts_controller.rb:3
  [1m[36mPost Load (0.4ms)[0m  [1m[34mSELECT "posts".* FROM "posts" WHERE "posts"."city_id" = $1[0m  [["city_id", 10]]
  ↳ app/controllers/api/posts_controller.rb:4
Completed 200 OK in 4ms (Views: 2.0ms | ActiveRecord: 1.0ms)


